#
# A fatal error has been detected by the Java Runtime Environment:
#
#  EXCEPTION_PRIV_INSTRUCTION (0xc0000096) at pc=0x0000024900008cfd, pid=13656, tid=12960
#
# JRE version: Java(TM) SE Runtime Environment (9.0+11) (build 9.0.4+11)
# Java VM: Java HotSpot(TM) 64-Bit Server VM (9.0.4+11, mixed mode, tiered, compressed oops, g1 gc, windows-amd64)
# Problematic frame:
# j  MoreRecursion.OnlyLaddersClass.main([Ljava/lang/String;)V+22
#
# No core dump will be written. Minidumps are not enabled by default on client versions of Windows
#
# If you would like to submit a bug report, please visit:
#   http://bugreport.java.com/bugreport/crash.jsp
#

---------------  S U M M A R Y ------------

Command Line: -agentlib:jdwp=transport=dt_socket,suspend=y,address=localhost:63831 -Dfile.encoding=Cp1252 MoreRecursion.OnlyLaddersClass

Host: Intel(R) Core(TM) i7-6500U CPU @ 2.50GHz, 4 cores, 7G,  Windows 10 , 64 bit Build 16299 (10.0.16299.15)
Time: Sat Apr 07 15:48:33 2018 India Standard Time elapsed time: 7109 seconds (0d 1h 58m 29s)

---------------  T H R E A D  ---------------

Current thread (0x0000024969c1d800):  JavaThread "main" [_thread_in_Java, id=12960, stack(0x0000005c8a800000,0x0000005c8a900000)]

Stack: [0x0000005c8a800000,0x0000005c8a900000],  sp=0x0000005c8a8ff660,  free space=1021k
Native frames: (J=compiled Java code, j=interpreted, Vv=VM code, C=native code)
C  0x0000024900008cfd


siginfo: EXCEPTION_PRIV_INSTRUCTION (0xc0000096)


Register to memory mapping:

RIP=0x0000024900008cfd is at code_begin+253 in an Interpreter codelet
error exits  [0x0000024900008c00, 0x0000024900008d00]  256 bytes
RAX=0x0000000000000000 is an unknown value
RBX=0x0000000000000031 is an unknown value
RCX=0x0000000000000000 is an unknown value
RDX=0x0000000000000000 is an unknown value
RSP=0x0000005c8a8ff660 is pointing into the stack for thread: 0x0000024969c1d800
RBP=0x0000005c8a8ff750 is pointing into the stack for thread: 0x0000024969c1d800
RSI=0x0000000000000002 is an unknown value
RDI=0x000002490000b6c3 is at code_begin+2307 in an Interpreter codelet
invoke return entry points  [0x000002490000adc0, 0x000002490000b7a0]  2528 bytes
R8 =0x0000000000000061 is an unknown value
R9 =0x0000000000000061 is an unknown value
R10=0x0000000000000061 is an unknown value
R11=0x0000005c8a8fee20 is pointing into the stack for thread: 0x0000024969c1d800
R12=0x0000000000000000 is an unknown value
R13=0x0000024979ef0508 is pointing into metadata
R14=0x0000005c8a8ff780 is pointing into the stack for thread: 0x0000024969c1d800
R15=0x0000024969c1d800 is a thread


Registers:
RAX=0x0000000000000000, RBX=0x0000000000000031, RCX=0x0000000000000000, RDX=0x0000000000000000
RSP=0x0000005c8a8ff660, RBP=0x0000005c8a8ff750, RSI=0x0000000000000002, RDI=0x000002490000b6c3
R8 =0x0000000000000061, R9 =0x0000000000000061, R10=0x0000000000000061, R11=0x0000005c8a8fee20
R12=0x0000000000000000, R13=0x0000024979ef0508, R14=0x0000005c8a8ff780, R15=0x0000024969c1d800
RIP=0x0000024900008cfd, EFLAGS=0x0000000000010206

Top of Stack: (sp=0x0000005c8a8ff660)
0x0000005c8a8ff660:   000002490000b6c3 0000000000000031
0x0000005c8a8ff670:   0000005c8a8ff750 0000000000000002
0x0000005c8a8ff680:   0000000000000000 0000005c8a8ff1c0
0x0000005c8a8ff690:   000000006820b4b0 0000000089915088
0x0000005c8a8ff6a0:   0000000000000001 000002490000b6c3
0x0000005c8a8ff6b0:   0000000000000002 0000005c8a8ff750
0x0000005c8a8ff6c0:   0000005c8a8ff6e8 0000000000000031
0x0000005c8a8ff6d0:   0000000000000000 0000000000000014
0x0000005c8a8ff6e0:   0000005c8a8ff780 0000000089728698
0x0000005c8a8ff6f0:   0000000089728698 0000005c8a8ff780
0x0000005c8a8ff700:   0000005c8a8ff780 0000005c8a8ff708
0x0000005c8a8ff710:   0000024979ef04fe 0000005c8a8ff780
0x0000005c8a8ff720:   0000024979ef0868 0000000000000000
0x0000005c8a8ff730:   000000008982cad8 0000024979ef0548
0x0000005c8a8ff740:   0000000000000000 0000005c8a8ff780
0x0000005c8a8ff750:   0000005c8a8ff960 0000024900000d10 

Instructions: (pc=0x0000024900008cfd)
0x0000024900008cdd:   00 00 48 ba 7f 8c 00 00 49 02 00 00 4c 8b c4 48
0x0000024900008ced:   83 e4 f0 49 ba 90 57 d6 67 00 00 00 00 41 ff d2
0x0000024900008cfd:   f4 66 90 a0 20 00 00 00 00 00 00 f8 4f 07 68 00
0x0000024900008d0d:   00 00 00 ff ff ff ff 00 00 00 00 00 00 00 00 00 


error exits  [0x0000024900008c00, 0x0000024900008d00]  256 bytes

---------------  P R O C E S S  ---------------

Java Threads: ( => current thread )
  0x000002497a737800 JavaThread "Service Thread" daemon [_thread_blocked, id=19312, stack(0x0000005c8c300000,0x0000005c8c400000)]
  0x000002497a728000 JavaThread "JDWP Command Reader" daemon [_thread_in_native, id=14056, stack(0x0000005c8c200000,0x0000005c8c300000)]
  0x000002497a727800 JavaThread "JDWP Event Helper Thread" daemon [_thread_blocked, id=4104, stack(0x0000005c8c100000,0x0000005c8c200000)]
  0x000002497a726000 JavaThread "JDWP Transport Listener: dt_socket" daemon [_thread_blocked, id=2788, stack(0x0000005c8c000000,0x0000005c8c100000)]
  0x000002497a4a8800 JavaThread "Common-Cleaner" daemon [_thread_blocked, id=9664, stack(0x0000005c8be00000,0x0000005c8bf00000)]
  0x000002497a44b800 JavaThread "Sweeper thread" daemon [_thread_blocked, id=22204, stack(0x0000005c8bd00000,0x0000005c8be00000)]
  0x000002497a447000 JavaThread "C1 CompilerThread2" daemon [_thread_blocked, id=12032, stack(0x0000005c8bc00000,0x0000005c8bd00000)]
  0x000002497a444000 JavaThread "C2 CompilerThread1" daemon [_thread_blocked, id=15784, stack(0x0000005c8bb00000,0x0000005c8bc00000)]
  0x000002497a3e6800 JavaThread "C2 CompilerThread0" daemon [_thread_blocked, id=7432, stack(0x0000005c8ba00000,0x0000005c8bb00000)]
  0x000002497a3e3800 JavaThread "Attach Listener" daemon [_thread_blocked, id=18636, stack(0x0000005c8b900000,0x0000005c8ba00000)]
  0x000002497a3da800 JavaThread "Signal Dispatcher" daemon [_thread_blocked, id=3900, stack(0x0000005c8b800000,0x0000005c8b900000)]
  0x000002497a3c9800 JavaThread "Finalizer" daemon [_thread_blocked, id=20868, stack(0x0000005c8b600000,0x0000005c8b700000)]
  0x000002497a3bf800 JavaThread "Reference Handler" daemon [_thread_blocked, id=22484, stack(0x0000005c8b500000,0x0000005c8b600000)]
=>0x0000024969c1d800 JavaThread "main" [_thread_in_Java, id=12960, stack(0x0000005c8a800000,0x0000005c8a900000)]

Other Threads:
  0x000002497a394800 VMThread "VM Thread" [stack: 0x0000005c8b400000,0x0000005c8b500000] [id=8732]
  0x000002497a751800 WatcherThread [stack: 0x0000005c8c400000,0x0000005c8c500000] [id=848]
  0x0000024969c34000 GCTaskThread "GC Thread#0" [stack: 0x0000005c8a900000,0x0000005c8aa00000] [id=18548]
  0x0000024969c35800 GCTaskThread "GC Thread#1" [stack: 0x0000005c8aa00000,0x0000005c8ab00000] [id=16684]
  0x0000024969c38000 GCTaskThread "GC Thread#2" [stack: 0x0000005c8ab00000,0x0000005c8ac00000] [id=8244]
  0x0000024969c39000 GCTaskThread "GC Thread#3" [stack: 0x0000005c8ac00000,0x0000005c8ad00000] [id=7676]
  0x0000024969cb1000 ConcurrentGCThread "G1 Main Marker" [stack: 0x0000005c8b200000,0x0000005c8b300000] [id=22836]
  0x0000024969cb4800 ConcurrentGCThread "G1 Marker#0" [stack: 0x0000005c8b300000,0x0000005c8b400000] [id=21516]
  0x0000024969c43000 ConcurrentGCThread "G1 Refine#0" [stack: 0x0000005c8b000000,0x0000005c8b100000] [id=18496]
  0x0000024969c42000 ConcurrentGCThread "G1 Refine#1" [stack: 0x0000005c8af00000,0x0000005c8b000000] [id=21700]
  0x0000024969c3f000 ConcurrentGCThread "G1 Refine#2" [stack: 0x0000005c8ae00000,0x0000005c8af00000] [id=21140]
  0x0000024969c3a800 ConcurrentGCThread "G1 Refine#3" [stack: 0x0000005c8ad00000,0x0000005c8ae00000] [id=7584]
  0x0000024969c49800 ConcurrentGCThread "G1 Young RemSet Sampling" [stack: 0x0000005c8b100000,0x0000005c8b200000] [id=10888]

Threads with active compile tasks:

VM state:not at safepoint (normal execution)

VM Mutex/Monitor currently owned by a thread: None

Heap address: 0x0000000081a00000, size: 2022 MB, Compressed Oops mode: 32-bit
Narrow klass base: 0x0000000000000000, Narrow klass shift: 3
Compressed class space size: 1073741824 Address: 0x0000000100000000

Heap:
 garbage-first heap   total 131072K, used 2048K [0x0000000081a00000, 0x0000000081b00400, 0x0000000100000000)
  region size 1024K, 3 young (3072K), 0 survivors (0K)
 Metaspace       used 5609K, capacity 5744K, committed 6016K, reserved 1056768K
  class space    used 548K, capacity 587K, committed 640K, reserved 1048576K
Heap Regions: E=young(eden), S=young(survivor), O=old, HS=humongous(starts), HC=humongous(continues), CS=collection set, F=free, A=archive, TS=gc time stamp, AC=allocation context, TAMS=top-at-mark-start (previous, next)
|   0|0x0000000081a00000, 0x0000000081a00000, 0x0000000081b00000|  0%| F|  |TS  0|AC  0|TAMS 0x0000000081a00000, 0x0000000081a00000|
|   1|0x0000000081b00000, 0x0000000081b00000, 0x0000000081c00000|  0%| F|  |TS  0|AC  0|TAMS 0x0000000081b00000, 0x0000000081b00000|
|   2|0x0000000081c00000, 0x0000000081c00000, 0x0000000081d00000|  0%| F|  |TS  0|AC  0|TAMS 0x0000000081c00000, 0x0000000081c00000|
|   3|0x0000000081d00000, 0x0000000081d00000, 0x0000000081e00000|  0%| F|  |TS  0|AC  0|TAMS 0x0000000081d00000, 0x0000000081d00000|
|   4|0x0000000081e00000, 0x0000000081e00000, 0x0000000081f00000|  0%| F|  |TS  0|AC  0|TAMS 0x0000000081e00000, 0x0000000081e00000|
|   5|0x0000000081f00000, 0x0000000081f00000, 0x0000000082000000|  0%| F|  |TS  0|AC  0|TAMS 0x0000000081f00000, 0x0000000081f00000|
|   6|0x0000000082000000, 0x0000000082000000, 0x0000000082100000|  0%| F|  |TS  0|AC  0|TAMS 0x0000000082000000, 0x0000000082000000|
|   7|0x0000000082100000, 0x0000000082100000, 0x0000000082200000|  0%| F|  |TS  0|AC  0|TAMS 0x0000000082100000, 0x0000000082100000|
|   8|0x0000000082200000, 0x0000000082200000, 0x0000000082300000|  0%| F|  |TS  0|AC  0|TAMS 0x0000000082200000, 0x0000000082200000|
|   9|0x0000000082300000, 0x0000000082300000, 0x0000000082400000|  0%| F|  |TS  0|AC  0|TAMS 0x0000000082300000, 0x0000000082300000|
|  10|0x0000000082400000, 0x0000000082400000, 0x0000000082500000|  0%| F|  |TS  0|AC  0|TAMS 0x0000000082400000, 0x0000000082400000|
|  11|0x0000000082500000, 0x0000000082500000, 0x0000000082600000|  0%| F|  |TS  0|AC  0|TAMS 0x0000000082500000, 0x0000000082500000|
|  12|0x0000000082600000, 0x0000000082600000, 0x0000000082700000|  0%| F|  |TS  0|AC  0|TAMS 0x0000000082600000, 0x0000000082600000|
|  13|0x0000000082700000, 0x0000000082700000, 0x0000000082800000|  0%| F|  |TS  0|AC  0|TAMS 0x0000000082700000, 0x0000000082700000|
|  14|0x0000000082800000, 0x0000000082800000, 0x0000000082900000|  0%| F|  |TS  0|AC  0|TAMS 0x0000000082800000, 0x0000000082800000|
|  15|0x0000000082900000, 0x0000000082900000, 0x0000000082a00000|  0%| F|  |TS  0|AC  0|TAMS 0x0000000082900000, 0x0000000082900000|
|  16|0x0000000082a00000, 0x0000000082a00000, 0x0000000082b00000|  0%| F|  |TS  0|AC  0|TAMS 0x0000000082a00000, 0x0000000082a00000|
|  17|0x0000000082b00000, 0x0000000082b00000, 0x0000000082c00000|  0%| F|  |TS  0|AC  0|TAMS 0x0000000082b00000, 0x0000000082b00000|
|  18|0x0000000082c00000, 0x0000000082c00000, 0x0000000082d00000|  0%| F|  |TS  0|AC  0|TAMS 0x0000000082c00000, 0x0000000082c00000|
|  19|0x0000000082d00000, 0x0000000082d00000, 0x0000000082e00000|  0%| F|  |TS  0|AC  0|TAMS 0x0000000082d00000, 0x0000000082d00000|
|  20|0x0000000082e00000, 0x0000000082e00000, 0x0000000082f00000|  0%| F|  |TS  0|AC  0|TAMS 0x0000000082e00000, 0x0000000082e00000|
|  21|0x0000000082f00000, 0x0000000082f00000, 0x0000000083000000|  0%| F|  |TS  0|AC  0|TAMS 0x0000000082f00000, 0x0000000082f00000|
|  22|0x0000000083000000, 0x0000000083000000, 0x0000000083100000|  0%| F|  |TS  0|AC  0|TAMS 0x0000000083000000, 0x0000000083000000|
|  23|0x0000000083100000, 0x0000000083100000, 0x0000000083200000|  0%| F|  |TS  0|AC  0|TAMS 0x0000000083100000, 0x0000000083100000|
|  24|0x0000000083200000, 0x0000000083200000, 0x0000000083300000|  0%| F|  |TS  0|AC  0|TAMS 0x0000000083200000, 0x0000000083200000|
|  25|0x0000000083300000, 0x0000000083300000, 0x0000000083400000|  0%| F|  |TS  0|AC  0|TAMS 0x0000000083300000, 0x0000000083300000|
|  26|0x0000000083400000, 0x0000000083400000, 0x0000000083500000|  0%| F|  |TS  0|AC  0|TAMS 0x0000000083400000, 0x0000000083400000|
|  27|0x0000000083500000, 0x0000000083500000, 0x0000000083600000|  0%| F|  |TS  0|AC  0|TAMS 0x0000000083500000, 0x0000000083500000|
|  28|0x0000000083600000, 0x0000000083600000, 0x0000000083700000|  0%| F|  |TS  0|AC  0|TAMS 0x0000000083600000, 0x0000000083600000|
|  29|0x0000000083700000, 0x0000000083700000, 0x0000000083800000|  0%| F|  |TS  0|AC  0|TAMS 0x0000000083700000, 0x0000000083700000|
|  30|0x0000000083800000, 0x0000000083800000, 0x0000000083900000|  0%| F|  |TS  0|AC  0|TAMS 0x0000000083800000, 0x0000000083800000|
|  31|0x0000000083900000, 0x0000000083900000, 0x0000000083a00000|  0%| F|  |TS  0|AC  0|TAMS 0x0000000083900000, 0x0000000083900000|
|  32|0x0000000083a00000, 0x0000000083a00000, 0x0000000083b00000|  0%| F|  |TS  0|AC  0|TAMS 0x0000000083a00000, 0x0000000083a00000|
|  33|0x0000000083b00000, 0x0000000083b00000, 0x0000000083c00000|  0%| F|  |TS  0|AC  0|TAMS 0x0000000083b00000, 0x0000000083b00000|
|  34|0x0000000083c00000, 0x0000000083c00000, 0x0000000083d00000|  0%| F|  |TS  0|AC  0|TAMS 0x0000000083c00000, 0x0000000083c00000|
|  35|0x0000000083d00000, 0x0000000083d00000, 0x0000000083e00000|  0%| F|  |TS  0|AC  0|TAMS 0x0000000083d00000, 0x0000000083d00000|
|  36|0x0000000083e00000, 0x0000000083e00000, 0x0000000083f00000|  0%| F|  |TS  0|AC  0|TAMS 0x0000000083e00000, 0x0000000083e00000|
|  37|0x0000000083f00000, 0x0000000083f00000, 0x0000000084000000|  0%| F|  |TS  0|AC  0|TAMS 0x0000000083f00000, 0x0000000083f00000|
|  38|0x0000000084000000, 0x0000000084000000, 0x0000000084100000|  0%| F|  |TS  0|AC  0|TAMS 0x0000000084000000, 0x0000000084000000|
|  39|0x0000000084100000, 0x0000000084100000, 0x0000000084200000|  0%| F|  |TS  0|AC  0|TAMS 0x0000000084100000, 0x0000000084100000|
|  40|0x0000000084200000, 0x0000000084200000, 0x0000000084300000|  0%| F|  |TS  0|AC  0|TAMS 0x0000000084200000, 0x0000000084200000|
|  41|0x0000000084300000, 0x0000000084300000, 0x0000000084400000|  0%| F|  |TS  0|AC  0|TAMS 0x0000000084300000, 0x0000000084300000|
|  42|0x0000000084400000, 0x0000000084400000, 0x0000000084500000|  0%| F|  |TS  0|AC  0|TAMS 0x0000000084400000, 0x0000000084400000|
|  43|0x0000000084500000, 0x0000000084500000, 0x0000000084600000|  0%| F|  |TS  0|AC  0|TAMS 0x0000000084500000, 0x0000000084500000|
|  44|0x0000000084600000, 0x0000000084600000, 0x0000000084700000|  0%| F|  |TS  0|AC  0|TAMS 0x0000000084600000, 0x0000000084600000|
|  45|0x0000000084700000, 0x0000000084700000, 0x0000000084800000|  0%| F|  |TS  0|AC  0|TAMS 0x0000000084700000, 0x0000000084700000|
|  46|0x0000000084800000, 0x0000000084800000, 0x0000000084900000|  0%| F|  |TS  0|AC  0|TAMS 0x0000000084800000, 0x0000000084800000|
|  47|0x0000000084900000, 0x0000000084900000, 0x0000000084a00000|  0%| F|  |TS  0|AC  0|TAMS 0x0000000084900000, 0x0000000084900000|
|  48|0x0000000084a00000, 0x0000000084a00000, 0x0000000084b00000|  0%| F|  |TS  0|AC  0|TAMS 0x0000000084a00000, 0x0000000084a00000|
|  49|0x0000000084b00000, 0x0000000084b00000, 0x0000000084c00000|  0%| F|  |TS  0|AC  0|TAMS 0x0000000084b00000, 0x0000000084b00000|
|  50|0x0000000084c00000, 0x0000000084c00000, 0x0000000084d00000|  0%| F|  |TS  0|AC  0|TAMS 0x0000000084c00000, 0x0000000084c00000|
|  51|0x0000000084d00000, 0x0000000084d00000, 0x0000000084e00000|  0%| F|  |TS  0|AC  0|TAMS 0x0000000084d00000, 0x0000000084d00000|
|  52|0x0000000084e00000, 0x0000000084e00000, 0x0000000084f00000|  0%| F|  |TS  0|AC  0|TAMS 0x0000000084e00000, 0x0000000084e00000|
|  53|0x0000000084f00000, 0x0000000084f00000, 0x0000000085000000|  0%| F|  |TS  0|AC  0|TAMS 0x0000000084f00000, 0x0000000084f00000|
|  54|0x0000000085000000, 0x0000000085000000, 0x0000000085100000|  0%| F|  |TS  0|AC  0|TAMS 0x0000000085000000, 0x0000000085000000|
|  55|0x0000000085100000, 0x0000000085100000, 0x0000000085200000|  0%| F|  |TS  0|AC  0|TAMS 0x0000000085100000, 0x0000000085100000|
|  56|0x0000000085200000, 0x0000000085200000, 0x0000000085300000|  0%| F|  |TS  0|AC  0|TAMS 0x0000000085200000, 0x0000000085200000|
|  57|0x0000000085300000, 0x0000000085300000, 0x0000000085400000|  0%| F|  |TS  0|AC  0|TAMS 0x0000000085300000, 0x0000000085300000|
|  58|0x0000000085400000, 0x0000000085400000, 0x0000000085500000|  0%| F|  |TS  0|AC  0|TAMS 0x0000000085400000, 0x0000000085400000|
|  59|0x0000000085500000, 0x0000000085500000, 0x0000000085600000|  0%| F|  |TS  0|AC  0|TAMS 0x0000000085500000, 0x0000000085500000|
|  60|0x0000000085600000, 0x0000000085600000, 0x0000000085700000|  0%| F|  |TS  0|AC  0|TAMS 0x0000000085600000, 0x0000000085600000|
|  61|0x0000000085700000, 0x0000000085700000, 0x0000000085800000|  0%| F|  |TS  0|AC  0|TAMS 0x0000000085700000, 0x0000000085700000|
|  62|0x0000000085800000, 0x0000000085800000, 0x0000000085900000|  0%| F|  |TS  0|AC  0|TAMS 0x0000000085800000, 0x0000000085800000|
|  63|0x0000000085900000, 0x0000000085900000, 0x0000000085a00000|  0%| F|  |TS  0|AC  0|TAMS 0x0000000085900000, 0x0000000085900000|
|  64|0x0000000085a00000, 0x0000000085a00000, 0x0000000085b00000|  0%| F|  |TS  0|AC  0|TAMS 0x0000000085a00000, 0x0000000085a00000|
|  65|0x0000000085b00000, 0x0000000085b00000, 0x0000000085c00000|  0%| F|  |TS  0|AC  0|TAMS 0x0000000085b00000, 0x0000000085b00000|
|  66|0x0000000085c00000, 0x0000000085c00000, 0x0000000085d00000|  0%| F|  |TS  0|AC  0|TAMS 0x0000000085c00000, 0x0000000085c00000|
|  67|0x0000000085d00000, 0x0000000085d00000, 0x0000000085e00000|  0%| F|  |TS  0|AC  0|TAMS 0x0000000085d00000, 0x0000000085d00000|
|  68|0x0000000085e00000, 0x0000000085e00000, 0x0000000085f00000|  0%| F|  |TS  0|AC  0|TAMS 0x0000000085e00000, 0x0000000085e00000|
|  69|0x0000000085f00000, 0x0000000085f00000, 0x0000000086000000|  0%| F|  |TS  0|AC  0|TAMS 0x0000000085f00000, 0x0000000085f00000|
|  70|0x0000000086000000, 0x0000000086000000, 0x0000000086100000|  0%| F|  |TS  0|AC  0|TAMS 0x0000000086000000, 0x0000000086000000|
|  71|0x0000000086100000, 0x0000000086100000, 0x0000000086200000|  0%| F|  |TS  0|AC  0|TAMS 0x0000000086100000, 0x0000000086100000|
|  72|0x0000000086200000, 0x0000000086200000, 0x0000000086300000|  0%| F|  |TS  0|AC  0|TAMS 0x0000000086200000, 0x0000000086200000|
|  73|0x0000000086300000, 0x0000000086300000, 0x0000000086400000|  0%| F|  |TS  0|AC  0|TAMS 0x0000000086300000, 0x0000000086300000|
|  74|0x0000000086400000, 0x0000000086400000, 0x0000000086500000|  0%| F|  |TS  0|AC  0|TAMS 0x0000000086400000, 0x0000000086400000|
|  75|0x0000000086500000, 0x0000000086500000, 0x0000000086600000|  0%| F|  |TS  0|AC  0|TAMS 0x0000000086500000, 0x0000000086500000|
|  76|0x0000000086600000, 0x0000000086600000, 0x0000000086700000|  0%| F|  |TS  0|AC  0|TAMS 0x0000000086600000, 0x0000000086600000|
|  77|0x0000000086700000, 0x0000000086700000, 0x0000000086800000|  0%| F|  |TS  0|AC  0|TAMS 0x0000000086700000, 0x0000000086700000|
|  78|0x0000000086800000, 0x0000000086800000, 0x0000000086900000|  0%| F|  |TS  0|AC  0|TAMS 0x0000000086800000, 0x0000000086800000|
|  79|0x0000000086900000, 0x0000000086900000, 0x0000000086a00000|  0%| F|  |TS  0|AC  0|TAMS 0x0000000086900000, 0x0000000086900000|
|  80|0x0000000086a00000, 0x0000000086a00000, 0x0000000086b00000|  0%| F|  |TS  0|AC  0|TAMS 0x0000000086a00000, 0x0000000086a00000|
|  81|0x0000000086b00000, 0x0000000086b00000, 0x0000000086c00000|  0%| F|  |TS  0|AC  0|TAMS 0x0000000086b00000, 0x0000000086b00000|
|  82|0x0000000086c00000, 0x0000000086c00000, 0x0000000086d00000|  0%| F|  |TS  0|AC  0|TAMS 0x0000000086c00000, 0x0000000086c00000|
|  83|0x0000000086d00000, 0x0000000086d00000, 0x0000000086e00000|  0%| F|  |TS  0|AC  0|TAMS 0x0000000086d00000, 0x0000000086d00000|
|  84|0x0000000086e00000, 0x0000000086e00000, 0x0000000086f00000|  0%| F|  |TS  0|AC  0|TAMS 0x0000000086e00000, 0x0000000086e00000|
|  85|0x0000000086f00000, 0x0000000086f00000, 0x0000000087000000|  0%| F|  |TS  0|AC  0|TAMS 0x0000000086f00000, 0x0000000086f00000|
|  86|0x0000000087000000, 0x0000000087000000, 0x0000000087100000|  0%| F|  |TS  0|AC  0|TAMS 0x0000000087000000, 0x0000000087000000|
|  87|0x0000000087100000, 0x0000000087100000, 0x0000000087200000|  0%| F|  |TS  0|AC  0|TAMS 0x0000000087100000, 0x0000000087100000|
|  88|0x0000000087200000, 0x0000000087200000, 0x0000000087300000|  0%| F|  |TS  0|AC  0|TAMS 0x0000000087200000, 0x0000000087200000|
|  89|0x0000000087300000, 0x0000000087300000, 0x0000000087400000|  0%| F|  |TS  0|AC  0|TAMS 0x0000000087300000, 0x0000000087300000|
|  90|0x0000000087400000, 0x0000000087400000, 0x0000000087500000|  0%| F|  |TS  0|AC  0|TAMS 0x0000000087400000, 0x0000000087400000|
|  91|0x0000000087500000, 0x0000000087500000, 0x0000000087600000|  0%| F|  |TS  0|AC  0|TAMS 0x0000000087500000, 0x0000000087500000|
|  92|0x0000000087600000, 0x0000000087600000, 0x0000000087700000|  0%| F|  |TS  0|AC  0|TAMS 0x0000000087600000, 0x0000000087600000|
|  93|0x0000000087700000, 0x0000000087700000, 0x0000000087800000|  0%| F|  |TS  0|AC  0|TAMS 0x0000000087700000, 0x0000000087700000|
|  94|0x0000000087800000, 0x0000000087800000, 0x0000000087900000|  0%| F|  |TS  0|AC  0|TAMS 0x0000000087800000, 0x0000000087800000|
|  95|0x0000000087900000, 0x0000000087900000, 0x0000000087a00000|  0%| F|  |TS  0|AC  0|TAMS 0x0000000087900000, 0x0000000087900000|
|  96|0x0000000087a00000, 0x0000000087a00000, 0x0000000087b00000|  0%| F|  |TS  0|AC  0|TAMS 0x0000000087a00000, 0x0000000087a00000|
|  97|0x0000000087b00000, 0x0000000087b00000, 0x0000000087c00000|  0%| F|  |TS  0|AC  0|TAMS 0x0000000087b00000, 0x0000000087b00000|
|  98|0x0000000087c00000, 0x0000000087c00000, 0x0000000087d00000|  0%| F|  |TS  0|AC  0|TAMS 0x0000000087c00000, 0x0000000087c00000|
|  99|0x0000000087d00000, 0x0000000087d00000, 0x0000000087e00000|  0%| F|  |TS  0|AC  0|TAMS 0x0000000087d00000, 0x0000000087d00000|
| 100|0x0000000087e00000, 0x0000000087e00000, 0x0000000087f00000|  0%| F|  |TS  0|AC  0|TAMS 0x0000000087e00000, 0x0000000087e00000|
| 101|0x0000000087f00000, 0x0000000087f00000, 0x0000000088000000|  0%| F|  |TS  0|AC  0|TAMS 0x0000000087f00000, 0x0000000087f00000|
| 102|0x0000000088000000, 0x0000000088000000, 0x0000000088100000|  0%| F|  |TS  0|AC  0|TAMS 0x0000000088000000, 0x0000000088000000|
| 103|0x0000000088100000, 0x0000000088100000, 0x0000000088200000|  0%| F|  |TS  0|AC  0|TAMS 0x0000000088100000, 0x0000000088100000|
| 104|0x0000000088200000, 0x0000000088200000, 0x0000000088300000|  0%| F|  |TS  0|AC  0|TAMS 0x0000000088200000, 0x0000000088200000|
| 105|0x0000000088300000, 0x0000000088300000, 0x0000000088400000|  0%| F|  |TS  0|AC  0|TAMS 0x0000000088300000, 0x0000000088300000|
| 106|0x0000000088400000, 0x0000000088400000, 0x0000000088500000|  0%| F|  |TS  0|AC  0|TAMS 0x0000000088400000, 0x0000000088400000|
| 107|0x0000000088500000, 0x0000000088500000, 0x0000000088600000|  0%| F|  |TS  0|AC  0|TAMS 0x0000000088500000, 0x0000000088500000|
| 108|0x0000000088600000, 0x0000000088600000, 0x0000000088700000|  0%| F|  |TS  0|AC  0|TAMS 0x0000000088600000, 0x0000000088600000|
| 109|0x0000000088700000, 0x0000000088700000, 0x0000000088800000|  0%| F|  |TS  0|AC  0|TAMS 0x0000000088700000, 0x0000000088700000|
| 110|0x0000000088800000, 0x0000000088800000, 0x0000000088900000|  0%| F|  |TS  0|AC  0|TAMS 0x0000000088800000, 0x0000000088800000|
| 111|0x0000000088900000, 0x0000000088900000, 0x0000000088a00000|  0%| F|  |TS  0|AC  0|TAMS 0x0000000088900000, 0x0000000088900000|
| 112|0x0000000088a00000, 0x0000000088a00000, 0x0000000088b00000|  0%| F|  |TS  0|AC  0|TAMS 0x0000000088a00000, 0x0000000088a00000|
| 113|0x0000000088b00000, 0x0000000088b00000, 0x0000000088c00000|  0%| F|  |TS  0|AC  0|TAMS 0x0000000088b00000, 0x0000000088b00000|
| 114|0x0000000088c00000, 0x0000000088c00000, 0x0000000088d00000|  0%| F|  |TS  0|AC  0|TAMS 0x0000000088c00000, 0x0000000088c00000|
| 115|0x0000000088d00000, 0x0000000088d00000, 0x0000000088e00000|  0%| F|  |TS  0|AC  0|TAMS 0x0000000088d00000, 0x0000000088d00000|
| 116|0x0000000088e00000, 0x0000000088e00000, 0x0000000088f00000|  0%| F|  |TS  0|AC  0|TAMS 0x0000000088e00000, 0x0000000088e00000|
| 117|0x0000000088f00000, 0x0000000088f00000, 0x0000000089000000|  0%| F|  |TS  0|AC  0|TAMS 0x0000000088f00000, 0x0000000088f00000|
| 118|0x0000000089000000, 0x0000000089000000, 0x0000000089100000|  0%| F|  |TS  0|AC  0|TAMS 0x0000000089000000, 0x0000000089000000|
| 119|0x0000000089100000, 0x0000000089100000, 0x0000000089200000|  0%| F|  |TS  0|AC  0|TAMS 0x0000000089100000, 0x0000000089100000|
| 120|0x0000000089200000, 0x0000000089200000, 0x0000000089300000|  0%| F|  |TS  0|AC  0|TAMS 0x0000000089200000, 0x0000000089200000|
| 121|0x0000000089300000, 0x0000000089300000, 0x0000000089400000|  0%| F|  |TS  0|AC  0|TAMS 0x0000000089300000, 0x0000000089300000|
| 122|0x0000000089400000, 0x0000000089400000, 0x0000000089500000|  0%| F|  |TS  0|AC  0|TAMS 0x0000000089400000, 0x0000000089400000|
| 123|0x0000000089500000, 0x0000000089500000, 0x0000000089600000|  0%| F|  |TS  0|AC  0|TAMS 0x0000000089500000, 0x0000000089500000|
| 124|0x0000000089600000, 0x0000000089600000, 0x0000000089700000|  0%| F|  |TS  0|AC  0|TAMS 0x0000000089600000, 0x0000000089600000|
| 125|0x0000000089700000, 0x0000000089748308, 0x0000000089800000| 28%| E|  |TS  0|AC  0|TAMS 0x0000000089700000, 0x0000000089700000|
| 126|0x0000000089800000, 0x0000000089900000, 0x0000000089900000|100%| E|CS|TS  0|AC  0|TAMS 0x0000000089800000, 0x0000000089800000|
| 127|0x0000000089900000, 0x0000000089a00000, 0x0000000089a00000|100%| E|CS|TS  0|AC  0|TAMS 0x0000000089900000, 0x0000000089900000|

Card table byte_map: [0x0000024972e70000,0x0000024973270000] byte_map_base: 0x0000024972a63000

Marking Bits (Prev, Next): (CMBitMap*) 0x0000024969cb05b0, (CMBitMap*) 0x0000024969cb05e8
 Prev Bits: [0x0000024973670000, 0x0000024975608000)
 Next Bits: [0x0000024975610000, 0x00000249775a8000)

Polling page: 0x0000024967980000

CodeHeap 'non-profiled nmethods': size=120064Kb used=72Kb max_used=72Kb free=119991Kb
 bounds [0x0000024907ac0000, 0x0000024907d30000, 0x000002490f000000]
CodeHeap 'profiled nmethods': size=120000Kb used=312Kb max_used=312Kb free=119687Kb
 bounds [0x0000024900590000, 0x0000024900800000, 0x0000024907ac0000]
CodeHeap 'non-nmethods': size=5696Kb used=1180Kb max_used=1191Kb free=4516Kb
 bounds [0x0000024900000000, 0x0000024900270000, 0x0000024900590000]
 total_blobs=615 nmethods=240 adapters=228
 compilation: enabled

Compilation events (10 events):
Event: 0.318 Thread 0x000002497a447000  237       3       java.util.regex.Pattern::next (33 bytes)
Event: 0.318 Thread 0x000002497a447000 nmethod 237 0x00000249005dd690 code [0x00000249005dd860, 0x00000249005ddb30]
Event: 0.318 Thread 0x000002497a447000  236       3       java.util.regex.ASCII::isAscii (13 bytes)
Event: 0.318 Thread 0x000002497a447000 nmethod 236 0x00000249005ddc90 code [0x00000249005dde40, 0x00000249005ddfd8]
Event: 0.318 Thread 0x000002497a447000  235       1       java.util.regex.Pattern::flags (5 bytes)
Event: 0.318 Thread 0x000002497a447000 nmethod 235 0x0000024907ad1790 code [0x0000024907ad1940, 0x0000024907ad1a58]
Event: 1.834 Thread 0x000002497a447000  239       1       java.nio.Buffer::limit (5 bytes)
Event: 1.834 Thread 0x000002497a447000 nmethod 239 0x0000024907ad1b10 code [0x0000024907ad1cc0, 0x0000024907ad1dd8]
Event: 1.834 Thread 0x000002497a447000  240       1       java.nio.Buffer::position (5 bytes)
Event: 1.834 Thread 0x000002497a447000 nmethod 240 0x0000024907ad1e90 code [0x0000024907ad2040, 0x0000024907ad2158]

GC Heap History (0 events):
No events

Deoptimization events (0 events):
No events

Classes redefined (10 events):
Event: 807.817 Thread 0x000002497a394800 redefined class name=MoreRecursion.OnlyLaddersClass, count=2
Event: 881.317 Thread 0x000002497a394800 redefined class name=MoreRecursion.OnlyLaddersClass, count=3
Event: 1260.582 Thread 0x000002497a394800 redefined class name=MoreRecursion.OnlyLaddersClass, count=4
Event: 1384.509 Thread 0x000002497a394800 redefined class name=MoreRecursion.OnlyLaddersClass, count=5
Event: 1487.091 Thread 0x000002497a394800 redefined class name=MoreRecursion.OnlyLaddersClass, count=6
Event: 1597.986 Thread 0x000002497a394800 redefined class name=MoreRecursion.OnlyLaddersClass, count=7
Event: 2048.820 Thread 0x000002497a394800 redefined class name=MoreRecursion.OnlyLaddersClass, count=8
Event: 2086.303 Thread 0x000002497a394800 redefined class name=MoreRecursion.OnlyLaddersClass, count=9
Event: 7025.497 Thread 0x000002497a394800 redefined class name=MoreRecursion.OnlyLaddersClass, count=10
Event: 7070.523 Thread 0x000002497a394800 redefined class name=MoreRecursion.OnlyLaddersClass, count=11

Internal exceptions (2 events):
Event: 0.289 Thread 0x0000024969c1d800 Exception <a 'java/lang/NoSuchMethodError'{0x00000000898c3ab0}: java.lang.Object.lambda$negate$3(I)Z> (0x00000000898c3ab0) thrown at [t:/workspace/hotspot/src/share/vm/interpreter/linkResolver.cpp, line 731]
Event: 0.291 Thread 0x0000024969c1d800 Exception <a 'java/lang/NoSuchMethodError'{0x00000000898c6f08}: java.lang.Object.lambda$and$0(Ljava/util/regex/Pattern$CharPredicate;I)Z> (0x00000000898c6f08) thrown at [t:/workspace/hotspot/src/share/vm/interpreter/linkResolver.cpp, line 731]

Events (10 events):
Event: 7102.460 Executing VM operation: ChangeBreakpoints
Event: 7102.460 Executing VM operation: ChangeBreakpoints done
Event: 7104.148 Executing VM operation: ChangeBreakpoints
Event: 7104.148 Executing VM operation: ChangeBreakpoints done
Event: 7104.148 Executing VM operation: ChangeBreakpoints
Event: 7104.148 Executing VM operation: ChangeBreakpoints done
Event: 7105.823 Executing VM operation: ChangeBreakpoints
Event: 7105.823 Executing VM operation: ChangeBreakpoints done
Event: 7107.084 Executing VM operation: ChangeBreakpoints
Event: 7107.085 Executing VM operation: ChangeBreakpoints done


Dynamic libraries:
0x00007ff643b70000 - 0x00007ff643bae000 	C:\Program Files\Java\jre-9.0.4\bin\javaw.exe
0x00007ff841000000 - 0x00007ff8411e0000 	C:\WINDOWS\SYSTEM32\ntdll.dll
0x00007ff840b50000 - 0x00007ff840bfe000 	C:\WINDOWS\System32\KERNEL32.DLL
0x00007ff83df60000 - 0x00007ff83e1c6000 	C:\WINDOWS\System32\KERNELBASE.dll
0x00007ff83ebd0000 - 0x00007ff83ec71000 	C:\WINDOWS\System32\ADVAPI32.dll
0x00007ff83e820000 - 0x00007ff83e8bd000 	C:\WINDOWS\System32\msvcrt.dll
0x00007ff83ef30000 - 0x00007ff83ef8b000 	C:\WINDOWS\System32\sechost.dll
0x00007ff83e4d0000 - 0x00007ff83e5ef000 	C:\WINDOWS\System32\RPCRT4.dll
0x00007ff83e600000 - 0x00007ff83e78f000 	C:\WINDOWS\System32\USER32.dll
0x00007ff83d4a0000 - 0x00007ff83d4c0000 	C:\WINDOWS\System32\win32u.dll
0x00007ff83ef00000 - 0x00007ff83ef28000 	C:\WINDOWS\System32\GDI32.dll
0x00007ff83e230000 - 0x00007ff83e3c3000 	C:\WINDOWS\System32\gdi32full.dll
0x00007ff83d400000 - 0x00007ff83d49b000 	C:\WINDOWS\System32\msvcp_win.dll
0x00007ff83e3d0000 - 0x00007ff83e4c6000 	C:\WINDOWS\System32\ucrtbase.dll
0x00007ff831a00000 - 0x00007ff831c69000 	C:\WINDOWS\WinSxS\amd64_microsoft.windows.common-controls_6595b64144ccf1df_6.0.16299.125_none_15cbcf8893620c09\COMCTL32.dll
0x00007ff83e8c0000 - 0x00007ff83ebc8000 	C:\WINDOWS\System32\combase.dll
0x00007ff83d510000 - 0x00007ff83d582000 	C:\WINDOWS\System32\bcryptPrimitives.dll
0x00007ff831d00000 - 0x00007ff831d0a000 	C:\WINDOWS\SYSTEM32\VERSION.dll
0x00007ff8406d0000 - 0x00007ff8406fd000 	C:\WINDOWS\System32\IMM32.DLL
0x00007ff82ade0000 - 0x00007ff82aecf000 	C:\Program Files\Java\jre-9.0.4\bin\msvcr120.dll
0x00007ff82b170000 - 0x00007ff82b216000 	C:\Program Files\Java\jre-9.0.4\bin\msvcp120.dll
0x0000000067890000 - 0x00000000682b5000 	C:\Program Files\Java\jre-9.0.4\bin\server\jvm.dll
0x00007ff83e790000 - 0x00007ff83e798000 	C:\WINDOWS\System32\PSAPI.DLL
0x00007ff83bff0000 - 0x00007ff83bff9000 	C:\WINDOWS\SYSTEM32\WSOCK32.dll
0x00007ff83efa0000 - 0x00007ff83f00c000 	C:\WINDOWS\System32\WS2_32.dll
0x00007ff83b310000 - 0x00007ff83b333000 	C:\WINDOWS\SYSTEM32\WINMM.dll
0x00007ff83b1a0000 - 0x00007ff83b1ca000 	C:\WINDOWS\SYSTEM32\WINMMBASE.dll
0x00007ff83d4c0000 - 0x00007ff83d50a000 	C:\WINDOWS\System32\cfgmgr32.dll
0x00007ff838960000 - 0x00007ff83896f000 	C:\Program Files\Java\jre-9.0.4\bin\verify.dll
0x00007ff8357f0000 - 0x00007ff835817000 	C:\Program Files\Java\jre-9.0.4\bin\java.dll
0x00007ff834fb0000 - 0x00007ff834fe6000 	C:\Program Files\Java\jre-9.0.4\bin\jdwp.dll
0x00007ff8357d0000 - 0x00007ff8357e6000 	C:\Program Files\Java\jre-9.0.4\bin\zip.dll
0x00007ff8359e0000 - 0x00007ff8359ea000 	C:\Program Files\Java\jre-9.0.4\bin\jimage.dll
0x00007ff83f290000 - 0x00007ff8406c6000 	C:\WINDOWS\System32\SHELL32.dll
0x00007ff840f20000 - 0x00007ff840fc6000 	C:\WINDOWS\System32\shcore.dll
0x00007ff83d590000 - 0x00007ff83dcd7000 	C:\WINDOWS\System32\windows.storage.dll
0x00007ff840da0000 - 0x00007ff840df1000 	C:\WINDOWS\System32\shlwapi.dll
0x00007ff83d3e0000 - 0x00007ff83d3f1000 	C:\WINDOWS\System32\kernel.appcore.dll
0x00007ff83d370000 - 0x00007ff83d3bc000 	C:\WINDOWS\System32\powrprof.dll
0x00007ff83d350000 - 0x00007ff83d36b000 	C:\WINDOWS\System32\profapi.dll
0x00007ff834930000 - 0x00007ff83494a000 	C:\Program Files\Java\jre-9.0.4\bin\net.dll
0x00007ff837170000 - 0x00007ff83724e000 	C:\WINDOWS\SYSTEM32\WINHTTP.dll
0x00007ff83cb80000 - 0x00007ff83cbe6000 	C:\WINDOWS\system32\mswsock.dll
0x00007ff834850000 - 0x00007ff834861000 	C:\Program Files\Java\jre-9.0.4\bin\nio.dll
0x00007ff838940000 - 0x00007ff83894a000 	C:\Program Files\Java\jre-9.0.4\bin\dt_socket.dll
0x00007ff83c950000 - 0x00007ff83ca06000 	C:\WINDOWS\SYSTEM32\DNSAPI.dll
0x00007ff83e5f0000 - 0x00007ff83e5f8000 	C:\WINDOWS\System32\NSI.dll
0x00007ff83c910000 - 0x00007ff83c949000 	C:\WINDOWS\SYSTEM32\IPHLPAPI.DLL
0x00000000697b0000 - 0x00000000697d6000 	C:\Program Files\Bonjour\mdnsNSP.dll
0x00007ff834530000 - 0x00007ff8345a0000 	C:\WINDOWS\System32\fwpuclnt.dll
0x00007ff83ce50000 - 0x00007ff83ce75000 	C:\WINDOWS\SYSTEM32\bcrypt.dll
0x00007ff8343c0000 - 0x00007ff8343ca000 	C:\Windows\System32\rasadhlp.dll
0x00007ff83be00000 - 0x00007ff83bfc8000 	C:\WINDOWS\SYSTEM32\dbghelp.dll

VM Arguments:
jvm_args: -agentlib:jdwp=transport=dt_socket,suspend=y,address=localhost:63831 -Dfile.encoding=Cp1252 
java_command: MoreRecursion.OnlyLaddersClass
java_class_path (initial): C:\Users\Kriti Malik\eclipse-workspace\CurxOnline\bin
Launcher Type: SUN_STANDARD

Logging:
Log output configuration:
#0: stdout all=warning uptime,level,tags
#1: stderr all=off uptime,level,tags

Environment Variables:
PATH=C:\ProgramData\Oracle\Java\javapath;C:\Program Files (x86)\Intel\iCLS Client\;C:\Program Files\Java\jdk1.8.0_144\bin\;C:\Program Files\Intel\iCLS Client\;C:\WINDOWS\system32;C:\WINDOWS;C:\WINDOWS\System32\Wbem;C:\WINDOWS\System32\WindowsPowerShell\v1.0\;C:\Program Files\Intel\WiFi\bin\;C:\Program Files\Common Files\Intel\WirelessCommon\;C:\Program Files (x86)\Intel\Intel(R) Management Engine Components\DAL;C:\Program Files\Intel\Intel(R) Management Engine Components\DAL;C:\Program Files (x86)\Intel\Intel(R) Management Engine Components\IPT;C:\Program Files\Intel\Intel(R) Management Engine Components\IPT;C:\Users\Kriti Malik\AppData\Local\Microsoft\WindowsApps;
USERNAME=Kriti Malik
OS=Windows_NT
PROCESSOR_IDENTIFIER=Intel64 Family 6 Model 78 Stepping 3, GenuineIntel



---------------  S Y S T E M  ---------------

OS: Windows 10 , 64 bit Build 16299 (10.0.16299.15)

CPU:total 4 (initial active 4) (2 cores per cpu, 2 threads per core) family 6 model 78 stepping 3, cmov, cx8, fxsr, mmx, sse, sse2, sse3, ssse3, sse4.1, sse4.2, popcnt, avx, avx2, aes, clmul, erms, 3dnowpref, lzcnt, ht, tsc, tscinvbit, bmi1, bmi2, adx, fma

Memory: 4k page, physical 8276896k(3885636k free), swap 13767180k(2104864k free)

vm_info: Java HotSpot(TM) 64-Bit Server VM (9.0.4+11) for windows-amd64 JRE (9.0.4+11), built on Dec 20 2017 02:18:54 by "mach5one" with MS VC++ 12.0 (VS2013)

END.
